<?xml version="1.0" encoding="UTF-8"?>
<!-- Generated by org.testng.reporters.JUnitReportReporter -->
<testsuite hostname="DESKTOP-519FNC2" failures="0" tests="1" name="com.myexamples.Tests.LoginTest" time="0.812" errors="0" timestamp="2022-12-07T12:08:24 AEDT" skipped="0">
  <testcase classname="com.myexamples.Tests.LoginTest" name="loginValidation" time="0.812"/>
  <system-out/>
</testsuite> <!-- com.myexamples.Tests.LoginTest -->
